<?xml version="1.0" encoding="UTF-8"?>
<testsuite name="com.nametrek.api.utils.CodeGeneratorTest" tests="1" skipped="0" failures="0" errors="0" timestamp="2025-05-14T23:17:27.464Z" hostname="akanBox" time="0.002">
  <properties/>
  <testcase name="testGenerateCode()" classname="com.nametrek.api.utils.CodeGeneratorTest" time="0.002"/>
  <system-out><![CDATA[]]></system-out>
  <system-err><![CDATA[]]></system-err>
</testsuite>
