<?xml version="1.0" encoding="UTF-8"?>
<testsuite name="com.nametrek.api.service.CategoryServiceTest" tests="2" skipped="0" failures="0" errors="0" timestamp="2025-05-14T20:13:28" hostname="akanBox" time="0.542">
  <properties/>
  <testcase name="testIsItemInCategory()" classname="com.nametrek.api.service.CategoryServiceTest" time="0.511"/>
  <testcase name="testAddItemToCategry()" classname="com.nametrek.api.service.CategoryServiceTest" time="0.021"/>
  <system-out><![CDATA[]]></system-out>
  <system-err><![CDATA[]]></system-err>
</testsuite>
