<?xml version="1.0" encoding="UTF-8"?>
<testsuite name="com.nametrek.api.service.CategoryServiceTest" tests="2" skipped="0" failures="0" errors="0" timestamp="2025-05-14T23:17:26.107Z" hostname="akanBox" time="0.335">
  <properties/>
  <testcase name="testIsItemInCategory()" classname="com.nametrek.api.service.CategoryServiceTest" time="0.317"/>
  <testcase name="testAddItemToCategry()" classname="com.nametrek.api.service.CategoryServiceTest" time="0.012"/>
  <system-out><![CDATA[]]></system-out>
  <system-err><![CDATA[]]></system-err>
</testsuite>
